<?xml version="1.0" ?><testsuite name="umbcs680.state.LexingAndParsingStateTest" time="0.002" timestamp="2025-05-11T13:34:25" tests="4" failures="0" skipped="0" aborted="0"><properties><property name="sun.boot.library.path.ivy.instance" value="/opt/homebrew/Cellar/openjdk/23.0.2/libexec/openjdk.jdk/Contents/Home/lib"></property><property name="java.specification.version" value="23"></property><property name="java.specification.version.ivy.instance" value="23"></property><property name="sun.cpu.endian.ivy.instance" value="little"></property><property name="src.test" value="/Users/vsss/Developer/IdeaProjects/680_OOPSJava_VSPraneeth/Homework03/src/test"></property><property name="ivy.lib" value="/Users/vsss/Developer/IdeaProjects/680_OOPSJava_VSPraneeth/Homework03/lib"></property><property name="bin.test" value="/Users/vsss/Developer/IdeaProjects/680_OOPSJava_VSPraneeth/Homework03/build/test"></property><property name="sun.arch.data.model" value="64"></property><property name="ivy.home" value="/Users/vsss/.ivy2"></property><property name="java.vendor.url" value="https://github.com/Homebrew/homebrew-core/issues"></property><property name="java.version.ivy.instance" value="23.0.2"></property><property name="ivy.default.conf.dir.ivy.instance" value="jar:file:/opt/homebrew/Cellar/ant/1.10.15_1/libexec/lib/ivy-2.5.3.jar!/org/apache/ivy/core/settings"></property><property name="ivy.conf.dir" value="jar:file:/opt/homebrew/Cellar/ant/1.10.15_1/libexec/lib/ivy-2.5.3.jar!/org/apache/ivy/core/settings"></property><property name="sun.boot.library.path" value="/opt/homebrew/Cellar/openjdk/23.0.2/libexec/openjdk.jdk/Contents/Home/lib"></property><property name="os.version.ivy.instance" value="15.4.1"></property><property name="sun.java.command" value="org.apache.tools.ant.launch.Launcher -cp  -lib /opt/homebrew/share/ant"></property><property name="sun.jnu.encoding.ivy.instance" value="UTF-8"></property><property name="ivy.retrieve.pattern.ivy.instance" value="/Users/vsss/Developer/IdeaProjects/680_OOPSJava_VSPraneeth/Homework03/lib/[artifact]-[revision](-[classifier]).[ext]"></property><property name="user.dir.ivy.instance" value="/Users/vsss/Developer/IdeaProjects/680_OOPSJava_VSPraneeth/Homework03"></property><property name="jdk.debug" value="release"></property><property name="ivy.revision" value="working@MacBook-Air-4.local"></property><property name="java.vendor.version.ivy.instance" value="Homebrew"></property><property name="java.specification.vendor" value="Oracle Corporation"></property><property name="java.version.date" value="2025-01-21"></property><property name="java.vm.version.ivy.instance" value="23.0.2"></property><property name="file.separator.ivy.instance" value="/"></property><property name="java.home" value="/opt/homebrew/Cellar/openjdk/23.0.2/libexec/openjdk.jdk/Contents/Home"></property><property name="basedir" value="/Users/vsss/Developer/IdeaProjects/680_OOPSJava_VSPraneeth/Homework03"></property><property name="java.vm.specification.vendor" value="Oracle Corporation"></property><property name="java.specification.name" value="Java Platform API Specification"></property><property name="user.timezone.ivy.instance" value="America/New_York"></property><property name="ivy.basedir.ivy.instance" value="/Users/vsss/Developer/IdeaProjects/680_OOPSJava_VSPraneeth/Homework03"></property><property name="ivy.resolve.default.type.filter.ivy.instance" value="*"></property><property name="ivy.default.ivy.user.dir" value="/Users/vsss/.ivy2"></property><property name="ivy.lib.dir.ivy.instance" value="/Users/vsss/Developer/IdeaProjects/680_OOPSJava_VSPraneeth/Homework03/lib"></property><property name="ivy.cache.dir" value="/Users/vsss/.ivy2/cache"></property><property name="sun.management.compiler" value="HotSpot 64-Bit Tiered Compilers"></property><property name="java.runtime.version" value="23.0.2"></property><property name="java.runtime.name.ivy.instance" value="OpenJDK Runtime Environment"></property><property name="socksNonProxyHosts.ivy.instance" value="local|*.local|169.254/16|*.169.254/16"></property><property name="sun.io.unicode.encoding.ivy.instance" value="UnicodeBig"></property><property name="basedir.ivy.instance" value="/Users/vsss/Developer/IdeaProjects/680_OOPSJava_VSPraneeth/Homework03"></property><property name="file.encoding" value="UTF-8"></property><property name="ivy.dep.file" value="ivy.xml"></property><property name="user.language.ivy.instance" value="en"></property><property name="os.name.ivy.instance" value="Mac OS X"></property><property name="ivy.settings.file" value="ivysettings.xml"></property><property name="java.vendor.version" value="Homebrew"></property><property name="java.vm.specification.version.ivy.instance" value="23"></property><property name="ivy.local.default.ivy.pattern" value="[organisation]/[module]/[revision]/[type]s/[artifact].[ext]"></property><property name="java.vendor.url.ivy.instance" value="https://github.com/Homebrew/homebrew-core/issues"></property><property name="line.separator.ivy.instance" value="
"></property><property name="java.io.tmpdir" value="/var/folders/bv/5slxq0f93t95c5n8bycc21jr0000gn/T/"></property><property name="java.version" value="23.0.2"></property><property name="ivy.resolved.file" value="/Users/vsss/Developer/IdeaProjects/680_OOPSJava_VSPraneeth/Homework03/ivy.xml"></property><property name="java.vm.specification.name.ivy.instance" value="Java Virtual Machine Specification"></property><property name="ivy.settings.dir.ivy.instance" value="jar:file:/opt/homebrew/Cellar/ant/1.10.15_1/libexec/lib/ivy-2.5.3.jar!/org/apache/ivy/core/settings"></property><property name="java.vm.specification.name" value="Java Virtual Machine Specification"></property><property name="file.encoding.ivy.instance" value="UTF-8"></property><property name="ivy.deliver.ivy.pattern" value="/Users/vsss/Developer/IdeaProjects/680_OOPSJava_VSPraneeth/Homework03/distrib/[type]s/[artifact]-[revision](-[classifier]).[ext]"></property><property name="native.encoding" value="UTF-8"></property><property name="ivy.status" value="integration"></property><property name="java.library.path" value="/Users/vsss/Library/Java/Extensions:/Library/Java/Extensions:/Network/Library/Java/Extensions:/System/Library/Java/Extensions:/usr/lib/java:."></property><property name="java.vendor" value="Homebrew"></property><property name="stderr.encoding" value="UTF-8"></property><property name="sun.arch.data.model.ivy.instance" value="64"></property><property name="sun.io.unicode.encoding" value="UnicodeBig"></property><property name="ivy.default.ivy.user.dir.ivy.instance" value="/Users/vsss/.ivy2"></property><property name="ant.file.type" value="file"></property><property name="ivy.parents.count" value="0"></property><property name="ivy.configurations.ivy.instance" value="*"></property><property name="java.io.tmpdir.ivy.instance" value="/var/folders/bv/5slxq0f93t95c5n8bycc21jr0000gn/T/"></property><property name="java.version.date.ivy.instance" value="2025-01-21"></property><property name="ivy.default.settings.dir.ivy.instance" value="jar:file:/opt/homebrew/Cellar/ant/1.10.15_1/libexec/lib/ivy-2.5.3.jar!/org/apache/ivy/core/settings"></property><property name="ivy.shared.default.ivy.pattern" value="[organisation]/[module]/[revision]/[type]s/[artifact].[ext]"></property><property name="ivy.shared.default.root" value="/Users/vsss/.ivy2/shared"></property><property name="ivy.shared.default.ivy.pattern.ivy.instance" value="[organisation]/[module]/[revision]/[type]s/[artifact].[ext]"></property><property name="user.timezone" value="America/New_York"></property><property name="java.vm.specification.version" value="23"></property><property name="os.name" value="Mac OS X"></property><property name="ivy.deps.changed" value="false"></property><property name="ivy.lib.dir" value="/Users/vsss/Developer/IdeaProjects/680_OOPSJava_VSPraneeth/Homework03/lib"></property><property name="http.nonProxyHosts" value="local|*.local|169.254/16|*.169.254/16"></property><property name="apple.awt.application.name.ivy.instance" value="Launcher"></property><property name="user.home" value="/Users/vsss"></property><property name="sun.java.command.ivy.instance" value="org.apache.tools.ant.launch.Launcher -cp  -lib /opt/homebrew/share/ant"></property><property name="java.class.path.ivy.instance" value="/opt/homebrew/Cellar/ant/1.10.15_1/libexec/lib/ant-launcher.jar:/opt/homebrew/share/ant:/opt/homebrew/Cellar/ant/1.10.15_1/libexec/lib/ant-commons-net.jar:/opt/homebrew/Cellar/ant/1.10.15_1/libexec/lib/ant-xz.jar:/opt/homebrew/Cellar/ant/1.10.15_1/libexec/lib/ant-junit4.jar:/opt/homebrew/Cellar/ant/1.10.15_1/libexec/lib/ant-jai.jar:/opt/homebrew/Cellar/ant/1.10.15_1/libexec/lib/ant-apache-resolver.jar:/opt/homebrew/Cellar/ant/1.10.15_1/libexec/lib/ant-jdepend.jar:/opt/homebrew/Cellar/ant/1.10.15_1/libexec/lib/ant-apache-regexp.jar:/opt/homebrew/Cellar/ant/1.10.15_1/libexec/lib/ant-apache-log4j.jar:/opt/homebrew/Cellar/ant/1.10.15_1/libexec/lib/ant-javamail.jar:/opt/homebrew/Cellar/ant/1.10.15_1/libexec/lib/ant-apache-bcel.jar:/opt/homebrew/Cellar/ant/1.10.15_1/libexec/lib/ant.jar:/opt/homebrew/Cellar/ant/1.10.15_1/libexec/lib/ant-netrexx.jar:/opt/homebrew/Cellar/ant/1.10.15_1/libexec/lib/ant-swing.jar:/opt/homebrew/Cellar/ant/1.10.15_1/libexec/lib/ant-jsch.jar:/opt/homebrew/Cellar/ant/1.10.15_1/libexec/lib/ant-junitlauncher.jar:/opt/homebrew/Cellar/ant/1.10.15_1/libexec/lib/ant-jakartamail.jar:/opt/homebrew/Cellar/ant/1.10.15_1/libexec/lib/ivy-2.5.3.jar:/opt/homebrew/Cellar/ant/1.10.15_1/libexec/lib/ant-junit.jar:/opt/homebrew/Cellar/ant/1.10.15_1/libexec/lib/ant-imageio.jar:/opt/homebrew/Cellar/ant/1.10.15_1/libexec/lib/ant-launcher.jar:/opt/homebrew/Cellar/ant/1.10.15_1/libexec/lib/ant-antlr.jar:/opt/homebrew/Cellar/ant/1.10.15_1/libexec/lib/ant-testutil.jar:/opt/homebrew/Cellar/ant/1.10.15_1/libexec/lib/ant-apache-oro.jar:/opt/homebrew/Cellar/ant/1.10.15_1/libexec/lib/bcel-6.10.0.jar:/opt/homebrew/Cellar/ant/1.10.15_1/libexec/lib/ant-jmf.jar:/opt/homebrew/Cellar/ant/1.10.15_1/libexec/lib/ant-apache-xalan2.jar:/opt/homebrew/Cellar/ant/1.10.15_1/libexec/lib/ant-apache-bsf.jar:/opt/homebrew/Cellar/ant/1.10.15_1/libexec/lib/ant-commons-logging.jar"></property><property name="ivy.publish.src.artifacts.pattern.ivy.instance" value="/Users/vsss/Developer/IdeaProjects/680_OOPSJava_VSPraneeth/Homework03/distrib/[type]s/[artifact]-[revision](-[classifier]).[ext]"></property><property name="ivy.checksums" value="sha1,md5"></property><property name="ivy.default.settings.dir" value="jar:file:/opt/homebrew/Cellar/ant/1.10.15_1/libexec/lib/ivy-2.5.3.jar!/org/apache/ivy/core/settings"></property><property name="ivy.version" value="2.5.3"></property><property name="java.vm.info.ivy.instance" value="mixed mode, sharing"></property><property name="ivy.distrib.dir" value="/Users/vsss/Developer/IdeaProjects/680_OOPSJava_VSPraneeth/Homework03/distrib"></property><property name="ant.library.dir.ivy.instance" value="/opt/homebrew/Cellar/ant/1.10.15_1/libexec/lib"></property><property name="ivy.settings.url.ivy.instance" value="jar:file:/opt/homebrew/Cellar/ant/1.10.15_1/libexec/lib/ivy-2.5.3.jar!/org/apache/ivy/core/settings/ivysettings.xml"></property><property name="ivy.project.dir" value="/Users/vsss/Developer/IdeaProjects/680_OOPSJava_VSPraneeth/Homework03"></property><property name="ant.file" value="/Users/vsss/Developer/IdeaProjects/680_OOPSJava_VSPraneeth/Homework03/build.xml"></property><property name="stdout.encoding" value="UTF-8"></property><property name="path.separator" value=":"></property><property name="os.version" value="15.4.1"></property><property name="ftp.nonProxyHosts.ivy.instance" value="local|*.local|169.254/16|*.169.254/16"></property><property name="ivy.default.always.check.exact.revision.ivy.instance" value="false"></property><property name="java.vm.name" value="OpenJDK 64-Bit Server VM"></property><property name="ivy.buildlist.ivyfilepath" value="ivy.xml"></property><property name="os.arch" value="aarch64"></property><property name="ivy.settings.dir.url.ivy.instance" value="jar:file:/opt/homebrew/Cellar/ant/1.10.15_1/libexec/lib/ivy-2.5.3.jar!/org/apache/ivy/core/settings"></property><property name="ivy.shared.default.root.ivy.instance" value="/Users/vsss/.ivy2/shared"></property><property name="ivy.deliver.ivy.pattern.ivy.instance" value="/Users/vsss/Developer/IdeaProjects/680_OOPSJava_VSPraneeth/Homework03/distrib/[type]s/[artifact]-[revision](-[classifier]).[ext]"></property><property name="java.vm.info" value="mixed mode, sharing"></property><property name="ivy.conf.dir.ivy.instance" value="jar:file:/opt/homebrew/Cellar/ant/1.10.15_1/libexec/lib/ivy-2.5.3.jar!/org/apache/ivy/core/settings"></property><property name="stdout.encoding.ivy.instance" value="UTF-8"></property><property name="user.country.ivy.instance" value="IN"></property><property name="java.class.version" value="67.0"></property><property name="ant.project.default-target" value="clean"></property><property name="ant.library.dir" value="/opt/homebrew/Cellar/ant/1.10.15_1/libexec/lib"></property><property name="ivy.cache.dir.ivy.instance" value="/Users/vsss/.ivy2/cache"></property><property name="ant.project.name" value="Homework03_jUnit"></property><property name="bin" value="/Users/vsss/Developer/IdeaProjects/680_OOPSJava_VSPraneeth/Homework03/build/main"></property><property name="jdk.debug.ivy.instance" value="release"></property><property name="sun.jnu.encoding" value="UTF-8"></property><property name="java.specification.name.ivy.instance" value="Java Platform API Specification"></property><property name="ivy.settings.file.ivy.instance" value="ivysettings.xml"></property><property name="ivy.default.conf.dir" value="jar:file:/opt/homebrew/Cellar/ant/1.10.15_1/libexec/lib/ivy-2.5.3.jar!/org/apache/ivy/core/settings"></property><property name="java.runtime.version.ivy.instance" value="23.0.2"></property><property name="java.vm.specification.vendor.ivy.instance" value="Oracle Corporation"></property><property name="ivy.local.default.artifact.pattern.ivy.instance" value="[organisation]/[module]/[revision]/[type]s/[artifact].[ext]"></property><property name="ivy.build.artifacts.dir.ivy.instance" value="/Users/vsss/Developer/IdeaProjects/680_OOPSJava_VSPraneeth/Homework03/build/artifacts"></property><property name="ivy.settings.dir" value="jar:file:/opt/homebrew/Cellar/ant/1.10.15_1/libexec/lib/ivy-2.5.3.jar!/org/apache/ivy/core/settings"></property><property name="sun.java.launcher.ivy.instance" value="SUN_STANDARD"></property><property name="ivy.local.default.root.ivy.instance" value="/Users/vsss/.ivy2/local"></property><property name="ivy.local.default.artifact.pattern" value="[organisation]/[module]/[revision]/[type]s/[artifact].[ext]"></property><property name="java.class.version.ivy.instance" value="67.0"></property><property name="ivy.resolve.default.type.filter" value="*"></property><property name="sun.management.compiler.ivy.instance" value="HotSpot 64-Bit Tiered Compilers"></property><property name="ivy.cache.ttl.default.ivy.instance" value="10s"></property><property name="file.separator" value="/"></property><property name="ivy.settings.dir.url" value="jar:file:/opt/homebrew/Cellar/ant/1.10.15_1/libexec/lib/ivy-2.5.3.jar!/org/apache/ivy/core/settings"></property><property name="java.vm.compressedOopsMode" value="Zero based"></property><property name="line.separator" value="
"></property><property name="ivy.dep.file.ivy.instance" value="ivy.xml"></property><property name="ivy.organisation" value="umb.edu"></property><property name="ivy.buildlist.ivyfilepath.ivy.instance" value="ivy.xml"></property><property name="java.vm.compressedOopsMode.ivy.instance" value="Zero based"></property><property name="user.name" value="vsss"></property><property name="ivy.publish.src.artifacts.pattern" value="/Users/vsss/Developer/IdeaProjects/680_OOPSJava_VSPraneeth/Homework03/distrib/[type]s/[artifact]-[revision](-[classifier]).[ext]"></property><property name="ant.home" value="/opt/homebrew/Cellar/ant/1.10.15_1/libexec"></property><property name="ivy.module" value="cs680"></property><property name="ant.version" value="Apache Ant(TM) version 1.10.15 compiled on August 25 2024"></property><property name="ivy.report.output.pattern" value="[organisation]-[module]-[conf].[ext]"></property><property name="ivy.log.modules.in.use" value="false"></property><property name="ivy.nb.targets.copied" value="0"></property><property name="ivy.conf.url.ivy.instance" value="jar:file:/opt/homebrew/Cellar/ant/1.10.15_1/libexec/lib/ivy-2.5.3.jar!/org/apache/ivy/core/settings/ivysettings.xml"></property><property name="os.arch.ivy.instance" value="aarch64"></property><property name="java.library.path.ivy.instance" value="/Users/vsss/Library/Java/Extensions:/Library/Java/Extensions:/Network/Library/Java/Extensions:/System/Library/Java/Extensions:/usr/lib/java:."></property><property name="socksNonProxyHosts" value="local|*.local|169.254/16|*.169.254/16"></property><property name="ivy.shared.default.artifact.pattern.ivy.instance" value="[organisation]/[module]/[revision]/[type]s/[artifact].[ext]"></property><property name="user.home.ivy.instance" value="/Users/vsss"></property><property name="java.vendor.url.bug.ivy.instance" value="https://github.com/Homebrew/homebrew-core/issues"></property><property name="ant.file.Homework03_jUnit" value="/Users/vsss/Developer/IdeaProjects/680_OOPSJava_VSPraneeth/Homework03/build.xml"></property><property name="ivy.local.default.root" value="/Users/vsss/.ivy2/local"></property><property name="java.class.path" value="/opt/homebrew/Cellar/ant/1.10.15_1/libexec/lib/ant-launcher.jar:/opt/homebrew/share/ant:/opt/homebrew/Cellar/ant/1.10.15_1/libexec/lib/ant-commons-net.jar:/opt/homebrew/Cellar/ant/1.10.15_1/libexec/lib/ant-xz.jar:/opt/homebrew/Cellar/ant/1.10.15_1/libexec/lib/ant-junit4.jar:/opt/homebrew/Cellar/ant/1.10.15_1/libexec/lib/ant-jai.jar:/opt/homebrew/Cellar/ant/1.10.15_1/libexec/lib/ant-apache-resolver.jar:/opt/homebrew/Cellar/ant/1.10.15_1/libexec/lib/ant-jdepend.jar:/opt/homebrew/Cellar/ant/1.10.15_1/libexec/lib/ant-apache-regexp.jar:/opt/homebrew/Cellar/ant/1.10.15_1/libexec/lib/ant-apache-log4j.jar:/opt/homebrew/Cellar/ant/1.10.15_1/libexec/lib/ant-javamail.jar:/opt/homebrew/Cellar/ant/1.10.15_1/libexec/lib/ant-apache-bcel.jar:/opt/homebrew/Cellar/ant/1.10.15_1/libexec/lib/ant.jar:/opt/homebrew/Cellar/ant/1.10.15_1/libexec/lib/ant-netrexx.jar:/opt/homebrew/Cellar/ant/1.10.15_1/libexec/lib/ant-swing.jar:/opt/homebrew/Cellar/ant/1.10.15_1/libexec/lib/ant-jsch.jar:/opt/homebrew/Cellar/ant/1.10.15_1/libexec/lib/ant-junitlauncher.jar:/opt/homebrew/Cellar/ant/1.10.15_1/libexec/lib/ant-jakartamail.jar:/opt/homebrew/Cellar/ant/1.10.15_1/libexec/lib/ivy-2.5.3.jar:/opt/homebrew/Cellar/ant/1.10.15_1/libexec/lib/ant-junit.jar:/opt/homebrew/Cellar/ant/1.10.15_1/libexec/lib/ant-imageio.jar:/opt/homebrew/Cellar/ant/1.10.15_1/libexec/lib/ant-launcher.jar:/opt/homebrew/Cellar/ant/1.10.15_1/libexec/lib/ant-antlr.jar:/opt/homebrew/Cellar/ant/1.10.15_1/libexec/lib/ant-testutil.jar:/opt/homebrew/Cellar/ant/1.10.15_1/libexec/lib/ant-apache-oro.jar:/opt/homebrew/Cellar/ant/1.10.15_1/libexec/lib/bcel-6.10.0.jar:/opt/homebrew/Cellar/ant/1.10.15_1/libexec/lib/ant-jmf.jar:/opt/homebrew/Cellar/ant/1.10.15_1/libexec/lib/ant-apache-xalan2.jar:/opt/homebrew/Cellar/ant/1.10.15_1/libexec/lib/ant-apache-bsf.jar:/opt/homebrew/Cellar/ant/1.10.15_1/libexec/lib/ant-commons-logging.jar"></property><property name="java.vm.vendor" value="Homebrew"></property><property name="java.vendor.ivy.instance" value="Homebrew"></property><property name="stderr.encoding.ivy.instance" value="UTF-8"></property><property name="ivy.project.dir.ivy.instance" value="/Users/vsss/Developer/IdeaProjects/680_OOPSJava_VSPraneeth/Homework03"></property><property name="ivy.status.ivy.instance" value="integration"></property><property name="sun.java.launcher" value="SUN_STANDARD"></property><property name="user.country" value="IN"></property><property name="ivy.retrieve.pattern" value="/Users/vsss/Developer/IdeaProjects/680_OOPSJava_VSPraneeth/Homework03/lib/[artifact]-[revision](-[classifier]).[ext]"></property><property name="sun.cpu.endian" value="little"></property><property name="ivy.checksums.ivy.instance" value="sha1,md5"></property><property name="user.language" value="en"></property><property name="ivy.home.ivy.instance" value="/Users/vsss/.ivy2"></property><property name="user.name.ivy.instance" value="vsss"></property><property name="ant.file.type.Homework03_jUnit" value="file"></property><property name="native.encoding.ivy.instance" value="UTF-8"></property><property name="ant.java.version" value="23"></property><property name="ivy.basedir" value="/Users/vsss/Developer/IdeaProjects/680_OOPSJava_VSPraneeth/Homework03"></property><property name="http.nonProxyHosts.ivy.instance" value="local|*.local|169.254/16|*.169.254/16"></property><property name="java.vm.vendor.ivy.instance" value="Homebrew"></property><property name="ant.home.ivy.instance" value="/opt/homebrew/Cellar/ant/1.10.15_1/libexec"></property><property name="apple.awt.application.name" value="Launcher"></property><property name="ivy.cache.ttl.default" value="10s"></property><property name="java.vm.name.ivy.instance" value="OpenJDK 64-Bit Server VM"></property><property name="java.specification.vendor.ivy.instance" value="Oracle Corporation"></property><property name="ivy.resolver.default.check.modified.ivy.instance" value="false"></property><property name="ivy.configurations" value="*"></property><property name="ftp.nonProxyHosts" value="local|*.local|169.254/16|*.169.254/16"></property><property name="ivy.default.always.check.exact.revision" value="false"></property><property name="java.runtime.name" value="OpenJDK Runtime Environment"></property><property name="ivy.distrib.dir.ivy.instance" value="/Users/vsss/Developer/IdeaProjects/680_OOPSJava_VSPraneeth/Homework03/distrib"></property><property name="ant.project.invoked-targets" value="clean"></property><property name="ant.core.lib" value="/opt/homebrew/Cellar/ant/1.10.15_1/libexec/lib/ant.jar"></property><property name="java.vendor.url.bug" value="https://github.com/Homebrew/homebrew-core/issues"></property><property name="src" value="/Users/vsss/Developer/IdeaProjects/680_OOPSJava_VSPraneeth/Homework03/src/main"></property><property name="user.dir" value="/Users/vsss/Developer/IdeaProjects/680_OOPSJava_VSPraneeth/Homework03"></property><property name="path.separator.ivy.instance" value=":"></property><property name="ivy.local.default.ivy.pattern.ivy.instance" value="[organisation]/[module]/[revision]/[type]s/[artifact].[ext]"></property><property name="ivy.report.output.pattern.ivy.instance" value="[organisation]-[module]-[conf].[ext]"></property><property name="java.vm.version" value="23.0.2"></property><property name="ivy.targets.copied" value="false"></property><property name="ivy.log.modules.in.use.ivy.instance" value="false"></property><property name="ivy.resolver.default.check.modified" value="false"></property><property name="java.home.ivy.instance" value="/opt/homebrew/Cellar/openjdk/23.0.2/libexec/openjdk.jdk/Contents/Home"></property><property name="ivy.shared.default.artifact.pattern" value="[organisation]/[module]/[revision]/[type]s/[artifact].[ext]"></property><property name="ivy.settings.url" value="jar:file:/opt/homebrew/Cellar/ant/1.10.15_1/libexec/lib/ivy-2.5.3.jar!/org/apache/ivy/core/settings/ivysettings.xml"></property><property name="ivy.build.artifacts.dir" value="/Users/vsss/Developer/IdeaProjects/680_OOPSJava_VSPraneeth/Homework03/build/artifacts"></property><property name="ivy.resolved.configurations" value="default"></property><property name="ivy.conf.url" value="jar:file:/opt/homebrew/Cellar/ant/1.10.15_1/libexec/lib/ivy-2.5.3.jar!/org/apache/ivy/core/settings/ivysettings.xml"></property></properties><testcase classname="umbcs680.state.LexingAndParsingStateTest" name="testSuccessfulLexingAndParsing()" time="0.0"></testcase><testcase classname="umbcs680.state.LexingAndParsingStateTest" name="testParsingErrorTriggersErrorState()" time="0.0"></testcase><testcase classname="umbcs680.state.LexingAndParsingStateTest" name="testEmptySourceCodeTriggersError()" time="0.001"></testcase><testcase classname="umbcs680.state.LexingAndParsingStateTest" name="testLexingErrorTriggersErrorState()" time="0.0"></testcase><system-out>Lexing and Parsing...
Transitioning to state: ErrorState
Lexing and Parsing...
Transitioning to state: ErrorState
Lexing and Parsing...
Transitioning to state: ErrorState
Lexing and Parsing...
Lexing and Parsing complete. AST: AST:  VALID CODE
Transitioning to state: CodeGenerationState
</system-out><system-err>Lexing and Parsing Error: Lexing error occurred
Lexing and Parsing Error: Source code is empty!
Lexing and Parsing Error: Lexing error occurred
</system-err></testsuite>